TN:
SF:A.0000000000000005.FeeEstimator
DA:20,8
DA:21,8
DA:25,8
DA:26,8
DA:31,8
DA:34,8
DA:39,0
DA:45,8
DA:46,8
DA:47,8
DA:49,8
DA:50,8
DA:51,8
DA:52,8
DA:53,8
DA:57,20
DA:58,20
LF:17
LH:16
end_of_record
TN:
SF:A.0000000000000005.LostAndFound
DA:58,8
DA:59,8
DA:63,8
DA:64,8
DA:69,8
DA:72,8
DA:99,12
DA:100,12
DA:101,12
DA:102,12
DA:103,12
DA:104,12
DA:106,12
DA:110,8
DA:114,0
DA:119,0
DA:124,0
DA:125,0
DA:126,0
DA:127,0
DA:129,0
DA:134,0
DA:135,0
DA:136,0
DA:137,0
DA:139,0
DA:144,0
DA:145,0
DA:148,0
DA:149,0
DA:151,0
DA:152,0
DA:153,0
DA:154,0
DA:155,0
DA:156,0
DA:157,0
DA:158,0
DA:159,0
DA:160,0
DA:161,0
DA:162,0
DA:163,0
DA:164,0
DA:165,0
DA:166,0
DA:167,0
DA:168,0
DA:169,0
DA:170,0
DA:172,0
DA:179,8
DA:180,8
DA:181,8
DA:187,8
DA:188,8
DA:191,8
DA:192,8
DA:207,4
DA:208,4
DA:209,4
DA:213,0
DA:217,0
DA:218,0
DA:219,0
DA:220,0
DA:223,0
DA:231,4
DA:232,4
DA:235,4
DA:236,4
DA:237,4
DA:239,4
DA:240,4
DA:241,4
DA:243,4
DA:244,4
DA:248,0
DA:252,0
DA:253,0
DA:257,0
DA:258,0
DA:272,4
DA:273,4
DA:274,4
DA:275,4
DA:279,0
DA:283,1
DA:284,1
DA:285,1
DA:286,1
DA:287,1
DA:290,1
DA:294,0
DA:298,1
DA:302,8
DA:303,4
DA:304,4
DA:305,4
DA:306,4
DA:307,4
DA:308,4
DA:309,4
DA:312,8
DA:317,4
DA:318,4
DA:319,4
DA:330,0
DA:331,0
DA:334,0
DA:335,0
DA:336,0
DA:337,0
DA:338,0
DA:341,0
DA:342,0
DA:349,0
DA:350,0
DA:353,0
DA:354,0
DA:355,0
DA:356,0
DA:357,0
DA:359,0
DA:360,0
DA:361,0
DA:362,0
DA:364,0
DA:366,0
DA:367,0
DA:368,0
DA:370,0
DA:371,0
DA:372,0
DA:374,0
DA:375,0
DA:376,0
DA:378,0
DA:383,0
DA:384,0
DA:389,0
DA:397,1
DA:401,4
DA:402,4
DA:403,4
DA:404,4
DA:405,4
DA:407,4
DA:408,4
DA:411,4
DA:423,4
DA:424,4
DA:426,4
DA:431,4
DA:432,4
DA:433,4
DA:434,4
DA:437,4
DA:438,4
DA:439,4
DA:440,4
DA:443,4
DA:444,4
DA:445,4
DA:446,4
DA:447,4
DA:448,4
DA:449,4
DA:450,4
DA:452,4
DA:453,4
DA:454,4
DA:458,9
DA:465,0
DA:466,0
DA:467,0
DA:468,0
DA:470,0
DA:471,0
DA:472,0
DA:473,0
DA:474,0
DA:475,0
DA:476,0
DA:478,0
DA:479,0
DA:483,0
DA:498,0
DA:499,0
DA:500,0
DA:503,0
DA:507,0
DA:511,0
DA:520,0
DA:524,0
DA:525,0
DA:526,0
DA:527,0
DA:528,0
DA:531,0
DA:532,0
DA:533,0
DA:534,0
DA:537,0
DA:538,0
DA:540,0
DA:541,0
DA:542,0
DA:544,0
DA:545,0
DA:547,0
DA:549,0
DA:550,0
DA:560,0
DA:561,0
DA:562,0
DA:563,0
DA:564,0
DA:565,0
DA:566,0
DA:567,0
DA:568,0
DA:570,0
DA:575,0
DA:576,0
DA:577,0
DA:578,0
DA:582,0
DA:583,0
DA:584,0
DA:585,0
DA:589,0
DA:593,0
DA:595,0
DA:596,0
DA:597,0
DA:601,0
DA:606,0
DA:607,0
DA:608,0
DA:612,13
DA:616,0
DA:617,0
DA:618,0
DA:619,0
DA:622,0
DA:623,0
DA:624,0
DA:627,0
DA:631,0
DA:632,0
DA:633,0
DA:634,0
DA:637,0
DA:638,0
DA:640,0
DA:641,0
DA:642,0
DA:645,0
DA:649,0
DA:650,0
DA:651,0
DA:653,0
DA:654,0
DA:655,0
DA:656,0
DA:667,8
DA:668,8
DA:669,8
DA:670,8
DA:671,8
DA:672,7
DA:673,7
DA:675,1
DA:676,1
DA:677,0
DA:681,8
DA:682,8
DA:683,8
DA:684,8
DA:685,8
DA:686,8
DA:688,8
DA:689,8
DA:690,8
DA:694,1
DA:695,1
DA:696,1
DA:697,0
DA:700,1
DA:712,4
DA:713,4
DA:716,4
DA:717,4
DA:728,6
DA:729,1
DA:730,1
DA:731,5
DA:732,0
DA:733,0
DA:734,5
DA:735,1
DA:736,1
DA:738,4
DA:743,0
DA:747,1
DA:749,1
DA:750,1
DA:751,1
DA:752,1
DA:754,1
DA:755,1
DA:756,1
LF:313
LH:132
end_of_record
TN:
SF:A.0000000000000006.ExampleNFT
DA:48,6
DA:49,6
DA:50,6
DA:51,6
DA:52,6
DA:56,0
DA:60,0
DA:73,4
DA:75,4
DA:85,0
DA:86,0
DA:87,0
DA:88,0
DA:92,0
DA:96,0
DA:100,0
DA:102,0
DA:110,0
DA:114,0
DA:120,0
DA:131,0
DA:136,0
DA:138,0
DA:148,0
DA:160,4
DA:161,4
DA:166,2
DA:168,2
DA:170,2
DA:176,5
DA:178,5
DA:181,5
DA:183,5
DA:185,5
DA:190,3
DA:196,0
DA:200,0
DA:202,0
DA:203,0
DA:206,0
DA:210,0
DA:211,0
DA:212,0
DA:216,0
DA:217,0
DA:223,3
DA:239,2
DA:240,2
DA:248,4
DA:249,4
DA:257,4
DA:268,2
DA:269,2
DA:271,2
DA:280,2
DA:293,0
DA:294,0
DA:296,0
DA:297,0
DA:298,0
DA:299,0
DA:300,0
DA:301,0
DA:304,0
DA:307,0
DA:316,0
DA:326,0
DA:328,0
DA:336,0
DA:340,0
DA:346,0
DA:357,0
DA:366,0
DA:374,1
DA:377,1
DA:378,1
DA:379,1
DA:380,1
DA:383,1
DA:384,1
DA:387,1
DA:393,1
DA:394,1
DA:395,1
DA:397,1
LF:85
LH:40
end_of_record
TN:
SF:A.0000000000000007.ExampleToken
DA:62,4
DA:76,0
DA:77,0
DA:78,0
DA:91,1
DA:92,1
DA:93,1
DA:94,1
DA:95,1
DA:99,1
DA:111,1
DA:121,2
DA:122,2
DA:130,0
DA:131,0
DA:151,2
DA:152,2
DA:154,2
DA:155,2
DA:156,2
DA:157,2
DA:161,2
DA:179,0
DA:180,0
DA:181,0
DA:182,0
DA:187,1
DA:191,1
DA:192,1
DA:197,1
DA:205,1
DA:210,1
DA:211,1
DA:215,1
LF:34
LH:25
end_of_record
