TN:
SF:A.0000000000000005.FeeEstimator
DA:20,1
DA:21,1
DA:25,1
DA:26,1
DA:31,1
DA:34,1
DA:39,0
DA:45,1
DA:46,1
DA:47,1
DA:49,1
DA:50,1
DA:51,1
DA:52,1
DA:53,1
DA:57,1
DA:58,1
LF:17
LH:16
end_of_record
TN:
SF:A.0000000000000005.LostAndFound
DA:58,1
DA:59,1
DA:63,1
DA:64,1
DA:69,1
DA:72,1
DA:99,1
DA:100,1
DA:101,1
DA:102,1
DA:103,1
DA:104,1
DA:106,1
DA:110,0
DA:114,0
DA:119,0
DA:124,0
DA:125,0
DA:126,0
DA:127,0
DA:129,0
DA:134,0
DA:135,0
DA:136,0
DA:137,0
DA:139,0
DA:144,0
DA:145,0
DA:148,0
DA:149,0
DA:151,0
DA:152,0
DA:153,0
DA:154,0
DA:155,0
DA:156,0
DA:157,0
DA:158,0
DA:159,0
DA:160,0
DA:161,0
DA:162,0
DA:163,0
DA:164,0
DA:165,0
DA:166,0
DA:167,0
DA:168,0
DA:169,0
DA:170,0
DA:172,0
DA:179,1
DA:180,1
DA:181,1
DA:187,1
DA:188,1
DA:191,1
DA:192,1
DA:207,0
DA:208,0
DA:209,0
DA:213,0
DA:217,0
DA:218,0
DA:219,0
DA:220,0
DA:223,0
DA:231,0
DA:232,0
DA:235,0
DA:236,0
DA:237,0
DA:239,0
DA:240,0
DA:241,0
DA:243,0
DA:244,0
DA:248,0
DA:252,0
DA:253,0
DA:257,0
DA:258,0
DA:272,0
DA:273,0
DA:274,0
DA:275,0
DA:279,0
DA:283,0
DA:284,0
DA:285,0
DA:286,0
DA:287,0
DA:290,0
DA:294,0
DA:298,0
DA:302,0
DA:303,0
DA:304,0
DA:305,0
DA:306,0
DA:307,0
DA:308,0
DA:309,0
DA:312,0
DA:317,0
DA:318,0
DA:319,0
DA:330,0
DA:331,0
DA:334,0
DA:335,0
DA:336,0
DA:337,0
DA:338,0
DA:341,0
DA:342,0
DA:349,0
DA:350,0
DA:353,0
DA:354,0
DA:355,0
DA:356,0
DA:357,0
DA:359,0
DA:360,0
DA:361,0
DA:362,0
DA:364,0
DA:366,0
DA:367,0
DA:368,0
DA:370,0
DA:371,0
DA:372,0
DA:374,0
DA:375,0
DA:376,0
DA:378,0
DA:383,0
DA:384,0
DA:389,0
DA:397,1
DA:401,0
DA:402,0
DA:403,0
DA:404,0
DA:405,0
DA:407,0
DA:408,0
DA:411,0
DA:423,0
DA:424,0
DA:426,0
DA:431,0
DA:432,0
DA:433,0
DA:434,0
DA:437,0
DA:438,0
DA:439,0
DA:440,0
DA:443,0
DA:444,0
DA:445,0
DA:446,0
DA:447,0
DA:448,0
DA:449,0
DA:450,0
DA:452,0
DA:453,0
DA:454,0
DA:458,1
DA:465,0
DA:466,0
DA:467,0
DA:468,0
DA:470,0
DA:471,0
DA:472,0
DA:473,0
DA:474,0
DA:475,0
DA:476,0
DA:478,0
DA:479,0
DA:483,0
DA:498,0
DA:499,0
DA:500,0
DA:503,0
DA:507,0
DA:511,0
DA:520,0
DA:524,0
DA:525,0
DA:526,0
DA:527,0
DA:528,0
DA:531,0
DA:532,0
DA:533,0
DA:534,0
DA:537,0
DA:538,0
DA:540,0
DA:541,0
DA:542,0
DA:544,0
DA:545,0
DA:547,0
DA:549,0
DA:550,0
DA:560,0
DA:561,0
DA:562,0
DA:563,0
DA:564,0
DA:565,0
DA:566,0
DA:567,0
DA:568,0
DA:570,0
DA:575,0
DA:576,0
DA:577,0
DA:578,0
DA:582,0
DA:583,0
DA:584,0
DA:585,0
DA:589,0
DA:593,0
DA:595,0
DA:596,0
DA:597,0
DA:601,0
DA:606,0
DA:607,0
DA:608,0
DA:612,1
DA:616,0
DA:617,0
DA:618,0
DA:619,0
DA:622,0
DA:623,0
DA:624,0
DA:627,0
DA:631,0
DA:632,0
DA:633,0
DA:634,0
DA:637,0
DA:638,0
DA:640,0
DA:641,0
DA:642,0
DA:645,0
DA:649,0
DA:650,0
DA:651,0
DA:653,0
DA:654,0
DA:655,0
DA:656,0
DA:667,1
DA:668,1
DA:669,1
DA:670,1
DA:671,1
DA:672,1
DA:673,1
DA:675,0
DA:676,0
DA:677,0
DA:681,1
DA:682,1
DA:683,1
DA:684,1
DA:685,1
DA:686,1
DA:688,1
DA:689,1
DA:690,1
DA:694,0
DA:695,0
DA:696,0
DA:697,0
DA:700,0
DA:712,0
DA:713,0
DA:716,0
DA:717,0
DA:728,0
DA:729,0
DA:730,0
DA:731,0
DA:732,0
DA:733,0
DA:734,0
DA:735,0
DA:736,0
DA:738,0
DA:743,0
DA:747,1
DA:749,1
DA:750,1
DA:751,1
DA:752,1
DA:754,1
DA:755,1
DA:756,1
LF:313
LH:47
end_of_record
TN:
SF:A.0000000000000006.ExampleNFT
DA:48,1
DA:49,1
DA:50,1
DA:51,1
DA:52,1
DA:56,0
DA:60,0
DA:73,0
DA:75,0
DA:85,0
DA:86,0
DA:87,0
DA:88,0
DA:92,0
DA:96,0
DA:100,0
DA:102,0
DA:110,0
DA:114,0
DA:120,0
DA:131,0
DA:136,0
DA:138,0
DA:148,0
DA:160,2
DA:161,2
DA:166,1
DA:168,1
DA:170,1
DA:176,2
DA:178,2
DA:181,2
DA:183,2
DA:185,2
DA:190,1
DA:196,0
DA:200,0
DA:202,0
DA:203,0
DA:206,0
DA:210,0
DA:211,0
DA:212,0
DA:216,0
DA:217,0
DA:223,1
DA:239,1
DA:240,1
DA:251,1
DA:252,1
DA:254,1
DA:263,1
DA:276,0
DA:277,0
DA:279,0
DA:280,0
DA:281,0
DA:282,0
DA:283,0
DA:284,0
DA:287,0
DA:290,0
DA:299,0
DA:309,0
DA:311,0
DA:319,0
DA:323,0
DA:329,0
DA:340,0
DA:349,0
DA:357,1
DA:360,1
DA:361,1
DA:362,1
DA:363,1
DA:366,1
DA:367,1
DA:370,1
DA:376,1
DA:377,1
DA:378,1
DA:380,1
LF:82
LH:35
end_of_record
TN:
SF:A.0000000000000007.ExampleToken
DA:62,1
DA:76,0
DA:77,0
DA:78,0
DA:91,0
DA:92,0
DA:93,0
DA:94,0
DA:95,0
DA:99,0
DA:111,0
DA:121,0
DA:122,0
DA:130,0
DA:131,0
DA:151,0
DA:152,0
DA:154,0
DA:155,0
DA:156,0
DA:157,0
DA:161,0
DA:179,0
DA:180,0
DA:181,0
DA:182,0
DA:187,1
DA:191,1
DA:192,1
DA:197,1
DA:205,1
DA:210,1
DA:211,1
DA:215,1
LF:34
LH:9
end_of_record
